<?xml version="1.0" encoding="UTF-8"?>
<testsuite name="com.alvarohdez.econocom.EconocomApplicationTests" tests="1" skipped="0" failures="0" errors="0" timestamp="2026-05-07T15:54:18" hostname="LAPTOP-M6FAPRHG" time="0.536">
  <properties/>
  <testcase name="contextLoads()" classname="com.alvarohdez.econocom.EconocomApplicationTests" time="0.536"/>
  <system-out><![CDATA[17:54:12.951 [Test worker] DEBUG org.springframework.test.context.BootstrapUtils - Instantiating CacheAwareContextLoaderDelegate from class [org.springframework.test.context.cache.DefaultCacheAwareContextLoaderDelegate]
17:54:12.982 [Test worker] DEBUG org.springframework.test.context.BootstrapUtils - Instantiating BootstrapContext using constructor [public org.springframework.test.context.support.DefaultBootstrapContext(java.lang.Class,org.springframework.test.context.CacheAwareContextLoaderDelegate)]
17:54:13.029 [Test worker] DEBUG org.springframework.test.context.BootstrapUtils - Instantiating TestContextBootstrapper for test class [com.alvarohdez.econocom.EconocomApplicationTests] from class [org.springframework.boot.test.context.SpringBootTestContextBootstrapper]
17:54:13.060 [Test worker] INFO org.springframework.boot.test.context.SpringBootTestContextBootstrapper - Neither @ContextConfiguration nor @ContextHierarchy found for test class [com.alvarohdez.econocom.EconocomApplicationTests], using SpringBootContextLoader
17:54:13.068 [Test worker] DEBUG org.springframework.test.context.support.AbstractContextLoader - Did not detect default resource location for test class [com.alvarohdez.econocom.EconocomApplicationTests]: class path resource [com/alvarohdez/econocom/EconocomApplicationTests-context.xml] does not exist
17:54:13.069 [Test worker] DEBUG org.springframework.test.context.support.AbstractContextLoader - Did not detect default resource location for test class [com.alvarohdez.econocom.EconocomApplicationTests]: class path resource [com/alvarohdez/econocom/EconocomApplicationTestsContext.groovy] does not exist
17:54:13.069 [Test worker] INFO org.springframework.test.context.support.AbstractContextLoader - Could not detect default resource locations for test class [com.alvarohdez.econocom.EconocomApplicationTests]: no resource found for suffixes {-context.xml, Context.groovy}.
17:54:13.070 [Test worker] INFO org.springframework.test.context.support.AnnotationConfigContextLoaderUtils - Could not detect default configuration classes for test class [com.alvarohdez.econocom.EconocomApplicationTests]: EconocomApplicationTests does not declare any static, non-private, non-final, nested classes annotated with @Configuration.
17:54:13.140 [Test worker] DEBUG org.springframework.test.context.support.ActiveProfilesUtils - Could not find an 'annotation declaring class' for annotation type [org.springframework.test.context.ActiveProfiles] and class [com.alvarohdez.econocom.EconocomApplicationTests]
17:54:13.232 [Test worker] DEBUG org.springframework.context.annotation.ClassPathScanningCandidateComponentProvider - Identified candidate component class: file [C:\Users\Arroyo\Downloads\JAVA\INTELLIJ\econocom\backend\build\classes\java\main\com\alvarohdez\econocom\EconocomApplication.class]
17:54:13.232 [Test worker] INFO org.springframework.boot.test.context.SpringBootTestContextBootstrapper - Found @SpringBootConfiguration com.alvarohdez.econocom.EconocomApplication for test class com.alvarohdez.econocom.EconocomApplicationTests
17:54:13.435 [Test worker] DEBUG org.springframework.boot.test.context.SpringBootTestContextBootstrapper - @TestExecutionListeners is not present for class [com.alvarohdez.econocom.EconocomApplicationTests]: using defaults.
17:54:13.435 [Test worker] INFO org.springframework.boot.test.context.SpringBootTestContextBootstrapper - Loaded default TestExecutionListener class names from location [META-INF/spring.factories]: [org.springframework.boot.test.autoconfigure.restdocs.RestDocsTestExecutionListener, org.springframework.boot.test.autoconfigure.web.client.MockRestServiceServerResetTestExecutionListener, org.springframework.boot.test.autoconfigure.web.servlet.MockMvcPrintOnlyOnFailureTestExecutionListener, org.springframework.boot.test.autoconfigure.web.servlet.WebDriverTestExecutionListener, org.springframework.boot.test.autoconfigure.webservices.client.MockWebServiceServerTestExecutionListener, org.springframework.boot.test.mock.mockito.MockitoTestExecutionListener, org.springframework.boot.test.mock.mockito.ResetMocksTestExecutionListener, org.springframework.test.context.web.ServletTestExecutionListener, org.springframework.test.context.support.DirtiesContextBeforeModesTestExecutionListener, org.springframework.test.context.event.ApplicationEventsTestExecutionListener, org.springframework.test.context.support.DependencyInjectionTestExecutionListener, org.springframework.test.context.support.DirtiesContextTestExecutionListener, org.springframework.test.context.transaction.TransactionalTestExecutionListener, org.springframework.test.context.jdbc.SqlScriptsTestExecutionListener, org.springframework.test.context.event.EventPublishingTestExecutionListener]
17:54:13.451 [Test worker] DEBUG org.springframework.boot.test.context.SpringBootTestContextBootstrapper - Skipping candidate TestExecutionListener [org.springframework.test.context.transaction.TransactionalTestExecutionListener] due to a missing dependency. Specify custom listener classes or make the default listener classes and their required dependencies available. Offending class: [org/springframework/transaction/interceptor/TransactionAttributeSource]
17:54:13.466 [Test worker] DEBUG org.springframework.boot.test.context.SpringBootTestContextBootstrapper - Skipping candidate TestExecutionListener [org.springframework.test.context.jdbc.SqlScriptsTestExecutionListener] due to a missing dependency. Specify custom listener classes or make the default listener classes and their required dependencies available. Offending class: [org/springframework/transaction/interceptor/TransactionAttribute]
17:54:13.466 [Test worker] INFO org.springframework.boot.test.context.SpringBootTestContextBootstrapper - Using TestExecutionListeners: [org.springframework.test.context.web.ServletTestExecutionListener@265adfad, org.springframework.test.context.support.DirtiesContextBeforeModesTestExecutionListener@a3d9978, org.springframework.test.context.event.ApplicationEventsTestExecutionListener@61544ae6, org.springframework.boot.test.mock.mockito.MockitoTestExecutionListener@4b41dd5c, org.springframework.boot.test.autoconfigure.SpringBootDependencyInjectionTestExecutionListener@3b96c42e, org.springframework.test.context.support.DirtiesContextTestExecutionListener@5d066c7d, org.springframework.test.context.event.EventPublishingTestExecutionListener@1e461e41, org.springframework.boot.test.autoconfigure.restdocs.RestDocsTestExecutionListener@5ba88be8, org.springframework.boot.test.autoconfigure.web.client.MockRestServiceServerResetTestExecutionListener@56928307, org.springframework.boot.test.autoconfigure.web.servlet.MockMvcPrintOnlyOnFailureTestExecutionListener@3899782c, org.springframework.boot.test.autoconfigure.web.servlet.WebDriverTestExecutionListener@1603cd68, org.springframework.boot.test.autoconfigure.webservices.client.MockWebServiceServerTestExecutionListener@9ebe38b, org.springframework.boot.test.mock.mockito.ResetMocksTestExecutionListener@4b23c30a]
17:54:13.466 [Test worker] DEBUG org.springframework.test.context.support.AbstractDirtiesContextTestExecutionListener - Before test class: context [DefaultTestContext@32c4e8b2 testClass = EconocomApplicationTests, testInstance = [null], testMethod = [null], testException = [null], mergedContextConfiguration = [WebMergedContextConfiguration@64bce832 testClass = EconocomApplicationTests, locations = '{}', classes = '{class com.alvarohdez.econocom.EconocomApplication}', contextInitializerClasses = '[]', activeProfiles = '{}', propertySourceLocations = '{}', propertySourceProperties = '{org.springframework.boot.test.context.SpringBootTestContextBootstrapper=true}', contextCustomizers = set[org.springframework.boot.test.autoconfigure.actuate.metrics.MetricsExportContextCustomizerFactory$DisableMetricExportContextCustomizer@48075da3, org.springframework.boot.test.autoconfigure.properties.PropertyMappingContextCustomizer@0, org.springframework.boot.test.autoconfigure.web.servlet.WebDriverContextCustomizerFactory$Customizer@5b247367, org.springframework.boot.test.context.filter.ExcludeFilterContextCustomizer@5890e879, org.springframework.boot.test.json.DuplicateJsonObjectContextCustomizerFactory$DuplicateJsonObjectContextCustomizer@183ec003, org.springframework.boot.test.mock.mockito.MockitoContextCustomizer@0, org.springframework.boot.test.web.client.TestRestTemplateContextCustomizer@514646ef, org.springframework.boot.test.context.SpringBootTestArgs@1, org.springframework.boot.test.context.SpringBootTestWebEnvironment@4e91d63f], resourceBasePath = 'src/main/webapp', contextLoader = 'org.springframework.boot.test.context.SpringBootContextLoader', parent = [null]], attributes = map['org.springframework.test.context.web.ServletTestExecutionListener.activateListener' -> true]], class annotated with @DirtiesContext [false] with mode [null].

  .   ____          _            __ _ _
 /\\ / ___'_ __ _ _(_)_ __  __ _ \ \ \ \
( ( )\___ | '_ | '_| | '_ \/ _` | \ \ \ \
 \\/  ___)| |_)| | | | | || (_| |  ) ) ) )
  '  |____| .__|_| |_|_| |_\__, | / / / /
 =========|_|==============|___/=/_/_/_/
 :: Spring Boot ::               (v2.7.18)

2026-05-07 17:54:14.018  INFO 13904 --- [    Test worker] c.a.econocom.EconocomApplicationTests    : Starting EconocomApplicationTests using Java 1.8.0_492 on LAPTOP-M6FAPRHG with PID 13904 (started by Arroyo in C:\Users\Arroyo\Downloads\JAVA\INTELLIJ\econocom\backend)
2026-05-07 17:54:14.020  INFO 13904 --- [    Test worker] c.a.econocom.EconocomApplicationTests    : No active profile set, falling back to 1 default profile: "default"
2026-05-07 17:54:17.248  WARN 13904 --- [    Test worker] .s.s.UserDetailsServiceAutoConfiguration : 

Using generated security password: dd37c1be-a117-4a09-9111-a13fbf517b37

This generated password is for development use only. Your security configuration must be updated before running your application in production.

2026-05-07 17:54:17.998  INFO 13904 --- [    Test worker] o.s.s.web.DefaultSecurityFilterChain     : Will secure any request with [org.springframework.security.web.session.DisableEncodeUrlFilter@6540cf1d, org.springframework.security.web.context.request.async.WebAsyncManagerIntegrationFilter@ec8f4b9, org.springframework.security.web.context.SecurityContextPersistenceFilter@262816a8, org.springframework.security.web.header.HeaderWriterFilter@4fc3c165, org.springframework.security.web.csrf.CsrfFilter@658255aa, org.springframework.security.web.authentication.logout.LogoutFilter@227a47, org.springframework.security.web.authentication.UsernamePasswordAuthenticationFilter@7ecec90d, org.springframework.security.web.authentication.ui.DefaultLoginPageGeneratingFilter@6d1dcdff, org.springframework.security.web.authentication.ui.DefaultLogoutPageGeneratingFilter@bc042d5, org.springframework.security.web.authentication.www.BasicAuthenticationFilter@434514d8, org.springframework.security.web.savedrequest.RequestCacheAwareFilter@46c269e0, org.springframework.security.web.servletapi.SecurityContextHolderAwareRequestFilter@6069dd38, org.springframework.security.web.authentication.AnonymousAuthenticationFilter@5484117b, org.springframework.security.web.session.SessionManagementFilter@7b6860f9, org.springframework.security.web.access.ExceptionTranslationFilter@e5cbff2, org.springframework.security.web.access.intercept.FilterSecurityInterceptor@2f2bff16]
2026-05-07 17:54:18.183  INFO 13904 --- [    Test worker] c.a.econocom.EconocomApplicationTests    : Started EconocomApplicationTests in 4.645 seconds (JVM running for 7.053)
]]></system-out>
  <system-err><![CDATA[]]></system-err>
</testsuite>
