<?xml version="1.0" encoding="UTF-8"?>
<testsuite name="com.alvarohdez.econocom.EconocomApplicationTests" tests="1" skipped="0" failures="0" errors="0" timestamp="2026-05-10T13:29:43" hostname="LAPTOP-M6FAPRHG" time="0.472">
  <properties/>
  <testcase name="contextLoads()" classname="com.alvarohdez.econocom.EconocomApplicationTests" time="0.472"/>
  <system-out><![CDATA[15:29:37.899 [Test worker] DEBUG org.springframework.test.context.BootstrapUtils - Instantiating CacheAwareContextLoaderDelegate from class [org.springframework.test.context.cache.DefaultCacheAwareContextLoaderDelegate]
15:29:37.915 [Test worker] DEBUG org.springframework.test.context.BootstrapUtils - Instantiating BootstrapContext using constructor [public org.springframework.test.context.support.DefaultBootstrapContext(java.lang.Class,org.springframework.test.context.CacheAwareContextLoaderDelegate)]
15:29:37.977 [Test worker] DEBUG org.springframework.test.context.BootstrapUtils - Instantiating TestContextBootstrapper for test class [com.alvarohdez.econocom.EconocomApplicationTests] from class [org.springframework.boot.test.context.SpringBootTestContextBootstrapper]
15:29:37.993 [Test worker] INFO org.springframework.boot.test.context.SpringBootTestContextBootstrapper - Neither @ContextConfiguration nor @ContextHierarchy found for test class [com.alvarohdez.econocom.EconocomApplicationTests], using SpringBootContextLoader
15:29:38.008 [Test worker] DEBUG org.springframework.test.context.support.AbstractContextLoader - Did not detect default resource location for test class [com.alvarohdez.econocom.EconocomApplicationTests]: class path resource [com/alvarohdez/econocom/EconocomApplicationTests-context.xml] does not exist
15:29:38.008 [Test worker] DEBUG org.springframework.test.context.support.AbstractContextLoader - Did not detect default resource location for test class [com.alvarohdez.econocom.EconocomApplicationTests]: class path resource [com/alvarohdez/econocom/EconocomApplicationTestsContext.groovy] does not exist
15:29:38.008 [Test worker] INFO org.springframework.test.context.support.AbstractContextLoader - Could not detect default resource locations for test class [com.alvarohdez.econocom.EconocomApplicationTests]: no resource found for suffixes {-context.xml, Context.groovy}.
15:29:38.008 [Test worker] INFO org.springframework.test.context.support.AnnotationConfigContextLoaderUtils - Could not detect default configuration classes for test class [com.alvarohdez.econocom.EconocomApplicationTests]: EconocomApplicationTests does not declare any static, non-private, non-final, nested classes annotated with @Configuration.
15:29:38.071 [Test worker] DEBUG org.springframework.test.context.support.ActiveProfilesUtils - Could not find an 'annotation declaring class' for annotation type [org.springframework.test.context.ActiveProfiles] and class [com.alvarohdez.econocom.EconocomApplicationTests]
15:29:38.180 [Test worker] DEBUG org.springframework.context.annotation.ClassPathScanningCandidateComponentProvider - Identified candidate component class: file [C:\Users\Arroyo\Downloads\JAVA\INTELLIJ\econocom\backend\build\classes\java\main\com\alvarohdez\econocom\EconocomApplication.class]
15:29:38.180 [Test worker] INFO org.springframework.boot.test.context.SpringBootTestContextBootstrapper - Found @SpringBootConfiguration com.alvarohdez.econocom.EconocomApplication for test class com.alvarohdez.econocom.EconocomApplicationTests
15:29:38.384 [Test worker] DEBUG org.springframework.boot.test.context.SpringBootTestContextBootstrapper - @TestExecutionListeners is not present for class [com.alvarohdez.econocom.EconocomApplicationTests]: using defaults.
15:29:38.384 [Test worker] INFO org.springframework.boot.test.context.SpringBootTestContextBootstrapper - Loaded default TestExecutionListener class names from location [META-INF/spring.factories]: [org.springframework.boot.test.autoconfigure.restdocs.RestDocsTestExecutionListener, org.springframework.boot.test.autoconfigure.web.client.MockRestServiceServerResetTestExecutionListener, org.springframework.boot.test.autoconfigure.web.servlet.MockMvcPrintOnlyOnFailureTestExecutionListener, org.springframework.boot.test.autoconfigure.web.servlet.WebDriverTestExecutionListener, org.springframework.boot.test.autoconfigure.webservices.client.MockWebServiceServerTestExecutionListener, org.springframework.boot.test.mock.mockito.MockitoTestExecutionListener, org.springframework.boot.test.mock.mockito.ResetMocksTestExecutionListener, org.springframework.test.context.web.ServletTestExecutionListener, org.springframework.test.context.support.DirtiesContextBeforeModesTestExecutionListener, org.springframework.test.context.event.ApplicationEventsTestExecutionListener, org.springframework.test.context.support.DependencyInjectionTestExecutionListener, org.springframework.test.context.support.DirtiesContextTestExecutionListener, org.springframework.test.context.transaction.TransactionalTestExecutionListener, org.springframework.test.context.jdbc.SqlScriptsTestExecutionListener, org.springframework.test.context.event.EventPublishingTestExecutionListener]
15:29:38.415 [Test worker] DEBUG org.springframework.boot.test.context.SpringBootTestContextBootstrapper - Skipping candidate TestExecutionListener [org.springframework.test.context.transaction.TransactionalTestExecutionListener] due to a missing dependency. Specify custom listener classes or make the default listener classes and their required dependencies available. Offending class: [org/springframework/transaction/interceptor/TransactionAttributeSource]
15:29:38.415 [Test worker] DEBUG org.springframework.boot.test.context.SpringBootTestContextBootstrapper - Skipping candidate TestExecutionListener [org.springframework.test.context.jdbc.SqlScriptsTestExecutionListener] due to a missing dependency. Specify custom listener classes or make the default listener classes and their required dependencies available. Offending class: [org/springframework/transaction/interceptor/TransactionAttribute]
15:29:38.415 [Test worker] INFO org.springframework.boot.test.context.SpringBootTestContextBootstrapper - Using TestExecutionListeners: [org.springframework.test.context.web.ServletTestExecutionListener@265adfad, org.springframework.test.context.support.DirtiesContextBeforeModesTestExecutionListener@a3d9978, org.springframework.test.context.event.ApplicationEventsTestExecutionListener@61544ae6, org.springframework.boot.test.mock.mockito.MockitoTestExecutionListener@4b41dd5c, org.springframework.boot.test.autoconfigure.SpringBootDependencyInjectionTestExecutionListener@3b96c42e, org.springframework.test.context.support.DirtiesContextTestExecutionListener@5d066c7d, org.springframework.test.context.event.EventPublishingTestExecutionListener@1e461e41, org.springframework.boot.test.autoconfigure.restdocs.RestDocsTestExecutionListener@5ba88be8, org.springframework.boot.test.autoconfigure.web.client.MockRestServiceServerResetTestExecutionListener@56928307, org.springframework.boot.test.autoconfigure.web.servlet.MockMvcPrintOnlyOnFailureTestExecutionListener@3899782c, org.springframework.boot.test.autoconfigure.web.servlet.WebDriverTestExecutionListener@1603cd68, org.springframework.boot.test.autoconfigure.webservices.client.MockWebServiceServerTestExecutionListener@9ebe38b, org.springframework.boot.test.mock.mockito.ResetMocksTestExecutionListener@4b23c30a]
15:29:38.415 [Test worker] DEBUG org.springframework.test.context.support.AbstractDirtiesContextTestExecutionListener - Before test class: context [DefaultTestContext@32c4e8b2 testClass = EconocomApplicationTests, testInstance = [null], testMethod = [null], testException = [null], mergedContextConfiguration = [WebMergedContextConfiguration@64bce832 testClass = EconocomApplicationTests, locations = '{}', classes = '{class com.alvarohdez.econocom.EconocomApplication}', contextInitializerClasses = '[]', activeProfiles = '{}', propertySourceLocations = '{}', propertySourceProperties = '{org.springframework.boot.test.context.SpringBootTestContextBootstrapper=true}', contextCustomizers = set[org.springframework.boot.test.autoconfigure.actuate.metrics.MetricsExportContextCustomizerFactory$DisableMetricExportContextCustomizer@48075da3, org.springframework.boot.test.autoconfigure.properties.PropertyMappingContextCustomizer@0, org.springframework.boot.test.autoconfigure.web.servlet.WebDriverContextCustomizerFactory$Customizer@5b247367, org.springframework.boot.test.context.filter.ExcludeFilterContextCustomizer@5890e879, org.springframework.boot.test.json.DuplicateJsonObjectContextCustomizerFactory$DuplicateJsonObjectContextCustomizer@183ec003, org.springframework.boot.test.mock.mockito.MockitoContextCustomizer@0, org.springframework.boot.test.web.client.TestRestTemplateContextCustomizer@514646ef, org.springframework.boot.test.context.SpringBootTestArgs@1, org.springframework.boot.test.context.SpringBootTestWebEnvironment@4e91d63f], resourceBasePath = 'src/main/webapp', contextLoader = 'org.springframework.boot.test.context.SpringBootContextLoader', parent = [null]], attributes = map['org.springframework.test.context.web.ServletTestExecutionListener.activateListener' -> true]], class annotated with @DirtiesContext [false] with mode [null].

  .   ____          _            __ _ _
 /\\ / ___'_ __ _ _(_)_ __  __ _ \ \ \ \
( ( )\___ | '_ | '_| | '_ \/ _` | \ \ \ \
 \\/  ___)| |_)| | | | | || (_| |  ) ) ) )
  '  |____| .__|_| |_|_| |_\__, | / / / /
 =========|_|==============|___/=/_/_/_/
 :: Spring Boot ::               (v2.7.18)

2026-05-10 15:29:38.933  INFO 19292 --- [    Test worker] c.a.econocom.EconocomApplicationTests    : Starting EconocomApplicationTests using Java 1.8.0_492 on LAPTOP-M6FAPRHG with PID 19292 (started by Arroyo in C:\Users\Arroyo\Downloads\JAVA\INTELLIJ\econocom\backend)
2026-05-10 15:29:38.933  INFO 19292 --- [    Test worker] c.a.econocom.EconocomApplicationTests    : No active profile set, falling back to 1 default profile: "default"
2026-05-10 15:29:41.587  INFO 19292 --- [    Test worker] o.s.s.web.DefaultSecurityFilterChain     : Will secure any request with [org.springframework.security.web.session.DisableEncodeUrlFilter@23592946, org.springframework.security.web.context.request.async.WebAsyncManagerIntegrationFilter@3e48d38, org.springframework.security.web.context.SecurityContextPersistenceFilter@2b5183ec, org.springframework.security.web.header.HeaderWriterFilter@52cb4f50, org.springframework.web.filter.CorsFilter@7c2b58c0, org.springframework.security.web.authentication.logout.LogoutFilter@2eb917d0, com.alvarohdez.econocom.filters.JwtAuthenticationFilter@11b377c5, org.springframework.security.web.savedrequest.RequestCacheAwareFilter@572e6fd9, org.springframework.security.web.servletapi.SecurityContextHolderAwareRequestFilter@b0e5507, org.springframework.security.web.authentication.AnonymousAuthenticationFilter@7bca6fac, org.springframework.security.web.session.SessionManagementFilter@4d27d9d, org.springframework.security.web.access.ExceptionTranslationFilter@55a609dd, org.springframework.security.web.access.intercept.AuthorizationFilter@205bed61]
2026-05-10 15:29:42.993  INFO 19292 --- [    Test worker] c.a.econocom.EconocomApplicationTests    : Started EconocomApplicationTests in 4.521 seconds (JVM running for 6.908)
]]></system-out>
  <system-err><![CDATA[]]></system-err>
</testsuite>
